Build started 7/15/2015 20:05:13.
     1>Project "C:\euler\p11\testcpp\testcpp\testcpp.vcxproj" on node 2 (build target(s)).
     1>PrepareForBuild:
         Creating directory "C:\euler\p11\testcpp\Debug\".
       InitializeBuildStatus:
         Creating "Debug\testcpp.unsuccessfulbuild" because "AlwaysCreate" was specified.
       ClCompile:
         C:\Program Files (x86)\Microsoft Visual Studio 10.0\VC\bin\CL.exe /c /ZI /nologo /W3 /WX- /Od /Oy- /D _MBCS /Gm /EHsc /RTC1 /MDd /GS /fp:precise /Zc:wchar_t /Zc:forScope /Fo"Debug\\" /Fd"Debug\vc100.pdb" /Gd /TP /analyze- /errorReport:prompt simple.cpp
         simple.cpp
     1>c:\euler\p11\testcpp\testcpp\simple.cpp(1): error C2871: 'System' : a namespace with this name does not exist
     1>c:\euler\p11\testcpp\testcpp\simple.cpp(2): error C2653: 'System' : is not a class or namespace name
     1>c:\euler\p11\testcpp\testcpp\simple.cpp(2): error C2871: 'Generic' : a namespace with this name does not exist
     1>c:\euler\p11\testcpp\testcpp\simple.cpp(6): error C2065: 'List' : undeclared identifier
     1>c:\euler\p11\testcpp\testcpp\simple.cpp(6): error C2065: 'String' : undeclared identifier
     1>c:\euler\p11\testcpp\testcpp\simple.cpp(6): error C2059: syntax error : '>'
     1>c:\euler\p11\testcpp\testcpp\simple.cpp(8): error C2653: 'Console' : is not a class or namespace name
     1>c:\euler\p11\testcpp\testcpp\simple.cpp(8): error C2065: 'dinosaurs' : undeclared identifier
     1>c:\euler\p11\testcpp\testcpp\simple.cpp(8): error C2227: left of '->Capacity' must point to class/struct/union/generic type
                 type is ''unknown-type''
     1>c:\euler\p11\testcpp\testcpp\simple.cpp(8): error C3861: 'WriteLine': identifier not found
     1>c:\euler\p11\testcpp\testcpp\simple.cpp(10): error C2065: 'dinosaurs' : undeclared identifier
     1>c:\euler\p11\testcpp\testcpp\simple.cpp(10): error C2227: left of '->Add' must point to class/struct/union/generic type
                 type is ''unknown-type''
     1>c:\euler\p11\testcpp\testcpp\simple.cpp(11): error C2065: 'dinosaurs' : undeclared identifier
     1>c:\euler\p11\testcpp\testcpp\simple.cpp(11): error C2227: left of '->Add' must point to class/struct/union/generic type
                 type is ''unknown-type''
     1>c:\euler\p11\testcpp\testcpp\simple.cpp(12): error C2065: 'dinosaurs' : undeclared identifier
     1>c:\euler\p11\testcpp\testcpp\simple.cpp(12): error C2227: left of '->Add' must point to class/struct/union/generic type
                 type is ''unknown-type''
     1>c:\euler\p11\testcpp\testcpp\simple.cpp(13): error C2065: 'dinosaurs' : undeclared identifier
     1>c:\euler\p11\testcpp\testcpp\simple.cpp(13): error C2227: left of '->Add' must point to class/struct/union/generic type
                 type is ''unknown-type''
     1>c:\euler\p11\testcpp\testcpp\simple.cpp(14): error C2065: 'dinosaurs' : undeclared identifier
     1>c:\euler\p11\testcpp\testcpp\simple.cpp(14): error C2227: left of '->Add' must point to class/struct/union/generic type
                 type is ''unknown-type''
     1>c:\euler\p11\testcpp\testcpp\simple.cpp(16): error C2653: 'Console' : is not a class or namespace name
     1>c:\euler\p11\testcpp\testcpp\simple.cpp(16): error C3861: 'WriteLine': identifier not found
     1>c:\euler\p11\testcpp\testcpp\simple.cpp(17): error C2143: syntax error : missing 'in' before '^'
     1>c:\euler\p11\testcpp\testcpp\simple.cpp(17): error C2065: 'dinosaur' : undeclared identifier
     1>c:\euler\p11\testcpp\testcpp\simple.cpp(17): error C3192: syntax error : '^' is not a prefix operator (did you mean '*'?)
     1>c:\euler\p11\testcpp\testcpp\simple.cpp(17): error C2146: syntax error : missing ')' before identifier 'in'
     1>c:\euler\p11\testcpp\testcpp\simple.cpp(17): error C2059: syntax error : ')'
     1>c:\euler\p11\testcpp\testcpp\simple.cpp(17): error C2065: 'in' : undeclared identifier
     1>c:\euler\p11\testcpp\testcpp\simple.cpp(17): error C2146: syntax error : missing ';' before identifier 'dinosaurs'
     1>c:\euler\p11\testcpp\testcpp\simple.cpp(17): error C2059: syntax error : ')'
     1>c:\euler\p11\testcpp\testcpp\simple.cpp(18): error C2065: 'dinosaurs' : undeclared identifier
     1>c:\euler\p11\testcpp\testcpp\simple.cpp(18): error C2143: syntax error : missing ';' before '{'
     1>c:\euler\p11\testcpp\testcpp\simple.cpp(19): error C2653: 'Console' : is not a class or namespace name
     1>c:\euler\p11\testcpp\testcpp\simple.cpp(19): error C2065: 'dinosaur' : undeclared identifier
     1>c:\euler\p11\testcpp\testcpp\simple.cpp(19): error C3861: 'WriteLine': identifier not found
     1>c:\euler\p11\testcpp\testcpp\simple.cpp(22): error C2653: 'Console' : is not a class or namespace name
     1>c:\euler\p11\testcpp\testcpp\simple.cpp(22): error C2065: 'dinosaurs' : undeclared identifier
     1>c:\euler\p11\testcpp\testcpp\simple.cpp(22): error C2227: left of '->Capacity' must point to class/struct/union/generic type
                 type is ''unknown-type''
     1>c:\euler\p11\testcpp\testcpp\simple.cpp(22): error C3861: 'WriteLine': identifier not found
     1>c:\euler\p11\testcpp\testcpp\simple.cpp(23): error C2653: 'Console' : is not a class or namespace name
     1>c:\euler\p11\testcpp\testcpp\simple.cpp(23): error C2065: 'dinosaurs' : undeclared identifier
     1>c:\euler\p11\testcpp\testcpp\simple.cpp(23): error C2227: left of '->Count' must point to class/struct/union/generic type
                 type is ''unknown-type''
     1>c:\euler\p11\testcpp\testcpp\simple.cpp(23): error C3861: 'WriteLine': identifier not found
     1>c:\euler\p11\testcpp\testcpp\simple.cpp(25): error C2653: 'Console' : is not a class or namespace name
     1>c:\euler\p11\testcpp\testcpp\simple.cpp(26): error C2065: 'dinosaurs' : undeclared identifier
     1>c:\euler\p11\testcpp\testcpp\simple.cpp(26): error C2227: left of '->Contains' must point to class/struct/union/generic type
                 type is ''unknown-type''
     1>c:\euler\p11\testcpp\testcpp\simple.cpp(25): error C3861: 'WriteLine': identifier not found
     1>c:\euler\p11\testcpp\testcpp\simple.cpp(28): error C2653: 'Console' : is not a class or namespace name
     1>c:\euler\p11\testcpp\testcpp\simple.cpp(28): error C3861: 'WriteLine': identifier not found
     1>c:\euler\p11\testcpp\testcpp\simple.cpp(29): error C2065: 'dinosaurs' : undeclared identifier
     1>c:\euler\p11\testcpp\testcpp\simple.cpp(29): error C2227: left of '->Insert' must point to class/struct/union/generic type
                 type is ''unknown-type''
     1>c:\euler\p11\testcpp\testcpp\simple.cpp(31): error C2653: 'Console' : is not a class or namespace name
     1>c:\euler\p11\testcpp\testcpp\simple.cpp(31): error C3861: 'WriteLine': identifier not found
     1>c:\euler\p11\testcpp\testcpp\simple.cpp(32): error C2143: syntax error : missing 'in' before '^'
     1>c:\euler\p11\testcpp\testcpp\simple.cpp(32): error C2065: 'dinosaur' : undeclared identifier
     1>c:\euler\p11\testcpp\testcpp\simple.cpp(32): error C3192: syntax error : '^' is not a prefix operator (did you mean '*'?)
     1>c:\euler\p11\testcpp\testcpp\simple.cpp(32): error C2146: syntax error : missing ')' before identifier 'in'
     1>c:\euler\p11\testcpp\testcpp\simple.cpp(32): error C2059: syntax error : ')'
     1>c:\euler\p11\testcpp\testcpp\simple.cpp(32): error C2065: 'in' : undeclared identifier
     1>c:\euler\p11\testcpp\testcpp\simple.cpp(32): error C2146: syntax error : missing ';' before identifier 'dinosaurs'
     1>c:\euler\p11\testcpp\testcpp\simple.cpp(32): error C2059: syntax error : ')'
     1>c:\euler\p11\testcpp\testcpp\simple.cpp(33): error C2065: 'dinosaurs' : undeclared identifier
     1>c:\euler\p11\testcpp\testcpp\simple.cpp(33): error C2143: syntax error : missing ';' before '{'
     1>c:\euler\p11\testcpp\testcpp\simple.cpp(34): error C2653: 'Console' : is not a class or namespace name
     1>c:\euler\p11\testcpp\testcpp\simple.cpp(34): error C2065: 'dinosaur' : undeclared identifier
     1>c:\euler\p11\testcpp\testcpp\simple.cpp(34): error C3861: 'WriteLine': identifier not found
     1>c:\euler\p11\testcpp\testcpp\simple.cpp(37): error C2653: 'Console' : is not a class or namespace name
     1>c:\euler\p11\testcpp\testcpp\simple.cpp(37): error C2065: 'dinosaurs' : undeclared identifier
     1>c:\euler\p11\testcpp\testcpp\simple.cpp(37): error C3861: 'WriteLine': identifier not found
     1>c:\euler\p11\testcpp\testcpp\simple.cpp(39): error C2653: 'Console' : is not a class or namespace name
     1>c:\euler\p11\testcpp\testcpp\simple.cpp(39): error C3861: 'WriteLine': identifier not found
     1>c:\euler\p11\testcpp\testcpp\simple.cpp(40): error C2065: 'dinosaurs' : undeclared identifier
     1>c:\euler\p11\testcpp\testcpp\simple.cpp(40): error C2227: left of '->Remove' must point to class/struct/union/generic type
                 type is ''unknown-type''
     1>c:\euler\p11\testcpp\testcpp\simple.cpp(42): error C2653: 'Console' : is not a class or namespace name
     1>c:\euler\p11\testcpp\testcpp\simple.cpp(42): error C3861: 'WriteLine': identifier not found
     1>c:\euler\p11\testcpp\testcpp\simple.cpp(43): error C2143: syntax error : missing 'in' before '^'
     1>c:\euler\p11\testcpp\testcpp\simple.cpp(43): error C2065: 'dinosaur' : undeclared identifier
     1>c:\euler\p11\testcpp\testcpp\simple.cpp(43): error C3192: syntax error : '^' is not a prefix operator (did you mean '*'?)
     1>c:\euler\p11\testcpp\testcpp\simple.cpp(43): error C2146: syntax error : missing ')' before identifier 'in'
     1>c:\euler\p11\testcpp\testcpp\simple.cpp(43): error C2059: syntax error : ')'
     1>c:\euler\p11\testcpp\testcpp\simple.cpp(43): error C2065: 'in' : undeclared identifier
     1>c:\euler\p11\testcpp\testcpp\simple.cpp(43): error C2146: syntax error : missing ';' before identifier 'dinosaurs'
     1>c:\euler\p11\testcpp\testcpp\simple.cpp(43): error C2059: syntax error : ')'
     1>c:\euler\p11\testcpp\testcpp\simple.cpp(44): error C2065: 'dinosaurs' : undeclared identifier
     1>c:\euler\p11\testcpp\testcpp\simple.cpp(44): error C2143: syntax error : missing ';' before '{'
     1>c:\euler\p11\testcpp\testcpp\simple.cpp(45): error C2653: 'Console' : is not a class or namespace name
     1>c:\euler\p11\testcpp\testcpp\simple.cpp(45): error C2065: 'dinosaur' : undeclared identifier
     1>c:\euler\p11\testcpp\testcpp\simple.cpp(45): error C3861: 'WriteLine': identifier not found
     1>c:\euler\p11\testcpp\testcpp\simple.cpp(48): error C2065: 'dinosaurs' : undeclared identifier
     1>c:\euler\p11\testcpp\testcpp\simple.cpp(48): error C2227: left of '->TrimExcess' must point to class/struct/union/generic type
                 type is ''unknown-type''
     1>c:\euler\p11\testcpp\testcpp\simple.cpp(49): error C2653: 'Console' : is not a class or namespace name
     1>c:\euler\p11\testcpp\testcpp\simple.cpp(49): error C3861: 'WriteLine': identifier not found
     1>c:\euler\p11\testcpp\testcpp\simple.cpp(50): error C2653: 'Console' : is not a class or namespace name
     1>c:\euler\p11\testcpp\testcpp\simple.cpp(50): error C2065: 'dinosaurs' : undeclared identifier
     1>c:\euler\p11\testcpp\testcpp\simple.cpp(50): error C2227: left of '->Capacity' must point to class/struct/union/generic type
                 type is ''unknown-type''
     1>c:\euler\p11\testcpp\testcpp\simple.cpp(50): error C3861: 'WriteLine': identifier not found
     1>c:\euler\p11\testcpp\testcpp\simple.cpp(51): error C2653: 'Console' : is not a class or namespace name
     1>c:\euler\p11\testcpp\testcpp\simple.cpp(51): error C2065: 'dinosaurs' : undeclared identifier
     1>c:\euler\p11\testcpp\testcpp\simple.cpp(51): error C2227: left of '->Count' must point to class/struct/union/generic type
                 type is ''unknown-type''
     1>c:\euler\p11\testcpp\testcpp\simple.cpp(51): error C3861: 'WriteLine': identifier not found
     1>c:\euler\p11\testcpp\testcpp\simple.cpp(53): error C2065: 'dinosaurs' : undeclared identifier
     1>c:\euler\p11\testcpp\testcpp\simple.cpp(53): fatal error C1003: error count exceeds 100; stopping compilation
     1>Done Building Project "C:\euler\p11\testcpp\testcpp\testcpp.vcxproj" (build target(s)) -- FAILED.

Build FAILED.

Time Elapsed 00:00:02.10
